<?xml version="1.0" encoding="UTF-8"?>
<!-- Generated by org.testng.reporters.JUnitReportReporter -->
<testsuite name="core.NewTest" tests="1" time="0.010" ignored="0" failures="0" timestamp="11 May 2017 19:42:05 GMT" skipped="0" hostname="L-C02ML6R8FD57" errors="0">
  <testcase name="test" time="0.010" classname="core.NewTest"/>
</testsuite> <!-- core.NewTest -->
